<?xml version="1.0" encoding="UTF-8" ?>
<testsuite failures="1" time="54.333" errors="0" skipped="0" tests="3" name="TestSuite">
  <properties>
[...]
</properties>
  <testcase time="11.968" classname="com.automation.test.browserNavigationCommandTest" name="practiceBrowserCommandNavigation"/>
  <testcase time="33.743" classname="com.automation.test.myFirstTest" name="launchDriver">
    <failure message="The given selector input[@name=&apos;subjectbox is either invalid or does not result in a WebElement. The following error occurred:
InvalidSelectorError: Unable to locate an element with the xpath expression input[@name=&apos;subjectbox because of the following error:
SyntaxError: The expression is not a legal expression.
Command duration or timeout: 571 milliseconds
For documentation on this error, please visit: http://seleniumhq.org/exceptions/invalid_selector_exception.html
Build info: version: &apos;2.53.0&apos;, revision: &apos;35ae25b1534ae328c771e0856c93e187490ca824&apos;, time: &apos;2016-03-15 10:43:46&apos;
System info: host: &apos;SANTOSHs-MacBook-Pro.local&apos;, ip: &apos;10.0.0.9&apos;, os.name: &apos;Mac OS X&apos;, os.arch: &apos;x86_64&apos;, os.version: &apos;10.11.4&apos;, java.version: &apos;1.7.0_25&apos;
*** Element info: {Using=xpath, value=input[@name=&apos;subjectbox}
Session ID: 1a55ba43-0695-254c-8c8b-030275d056d7
Driver info: org.openqa.selenium.firefox.FirefoxDriver
Capabilities [{platform=MAC, acceptSslCerts=true, javascriptEnabled=true, cssSelectorsEnabled=true, databaseEnabled=true, browserName=firefox, handlesAlerts=true, nativeEvents=false, webStorageEnabled=true, rotatable=false, locationContextEnabled=true, applicationCacheEnabled=true, takesScreenshot=true, version=45.0.2}]" type="org.openqa.selenium.InvalidSelectorException">org.openqa.selenium.InvalidSelectorException: The given selector input[@name=&apos;subjectbox is either invalid or does not result in a WebElement. The following error occurred:
InvalidSelectorError: Unable to locate an element with the xpath expression input[@name=&apos;subjectbox because of the following error:
SyntaxError: The expression is not a legal expression.
Command duration or timeout: 571 milliseconds
For documentation on this error, please visit: http://seleniumhq.org/exceptions/invalid_selector_exception.html
Build info: version: &apos;2.53.0&apos;, revision: &apos;35ae25b1534ae328c771e0856c93e187490ca824&apos;, time: &apos;2016-03-15 10:43:46&apos;
System info: host: &apos;SANTOSHs-MacBook-Pro.local&apos;, ip: &apos;10.0.0.9&apos;, os.name: &apos;Mac OS X&apos;, os.arch: &apos;x86_64&apos;, os.version: &apos;10.11.4&apos;, java.version: &apos;1.7.0_25&apos;
*** Element info: {Using=xpath, value=input[@name=&apos;subjectbox}
Session ID: 1a55ba43-0695-254c-8c8b-030275d056d7
Driver info: org.openqa.selenium.firefox.FirefoxDriver
Capabilities [{platform=MAC, acceptSslCerts=true, javascriptEnabled=true, cssSelectorsEnabled=true, databaseEnabled=true, browserName=firefox, handlesAlerts=true, nativeEvents=false, webStorageEnabled=true, rotatable=false, locationContextEnabled=true, applicationCacheEnabled=true, takesScreenshot=true, version=45.0.2}]
	at sun.reflect.NativeConstructorAccessorImpl.newInstance0(Native Method)
	at sun.reflect.NativeConstructorAccessorImpl.newInstance(NativeConstructorAccessorImpl.java:57)
	at sun.reflect.DelegatingConstructorAccessorImpl.newInstance(DelegatingConstructorAccessorImpl.java:45)
	at java.lang.reflect.Constructor.newInstance(Constructor.java:526)
	at org.openqa.selenium.remote.ErrorHandler.createThrowable(ErrorHandler.java:206)
	at org.openqa.selenium.remote.ErrorHandler.throwIfResponseFailed(ErrorHandler.java:158)
	at org.openqa.selenium.remote.RemoteWebDriver.execute(RemoteWebDriver.java:678)
	at org.openqa.selenium.remote.RemoteWebDriver.findElement(RemoteWebDriver.java:363)
	at org.openqa.selenium.remote.RemoteWebDriver.findElementByXPath(RemoteWebDriver.java:500)
	at org.openqa.selenium.By$ByXPath.findElement(By.java:361)
	at org.openqa.selenium.remote.RemoteWebDriver.findElement(RemoteWebDriver.java:355)
	at com.automation.test.myFirstTest.launchDriver(myFirstTest.java:47)
Caused by: org.openqa.selenium.InvalidSelectorException: The given selector input[@name=&apos;subjectbox is either invalid or does not result in a WebElement. The following error occurred:
InvalidSelectorError: Unable to locate an element with the xpath expression input[@name=&apos;subjectbox because of the following error:
SyntaxError: The expression is not a legal expression.
For documentation on this error, please visit: http://seleniumhq.org/exceptions/invalid_selector_exception.html
Build info: version: &apos;2.53.0&apos;, revision: &apos;35ae25b1534ae328c771e0856c93e187490ca824&apos;, time: &apos;2016-03-15 10:43:46&apos;
System info: host: &apos;SANTOSHs-MacBook-Pro.local&apos;, ip: &apos;10.0.0.9&apos;, os.name: &apos;Mac OS X&apos;, os.arch: &apos;x86_64&apos;, os.version: &apos;10.11.4&apos;, java.version: &apos;1.7.0_25&apos;
Driver info: driver.version: unknown
	at &lt;anonymous class&gt;.FirefoxDriver.annotateInvalidSelectorError_(file:///var/folders/7b/qhjgldld789gy7rs82wvbk8c0000gn/T/anonymous8008103212609101533webdriver-profile/extensions/fxdriver@googlecode.com/components/driver-component.js:10744)
	at &lt;anonymous class&gt;.FirefoxDriver.prototype.findElementInternal_(file:///var/folders/7b/qhjgldld789gy7rs82wvbk8c0000gn/T/anonymous8008103212609101533webdriver-profile/extensions/fxdriver@googlecode.com/components/driver-component.js:10775)
	at &lt;anonymous class&gt;.FirefoxDriver.prototype.findElement(file:///var/folders/7b/qhjgldld789gy7rs82wvbk8c0000gn/T/anonymous8008103212609101533webdriver-profile/extensions/fxdriver@googlecode.com/components/driver-component.js:10779)
	at &lt;anonymous class&gt;.DelayedCommand.prototype.executeInternal_/h(file:///var/folders/7b/qhjgldld789gy7rs82wvbk8c0000gn/T/anonymous8008103212609101533webdriver-profile/extensions/fxdriver@googlecode.com/components/command-processor.js:12661)
	at &lt;anonymous class&gt;.DelayedCommand.prototype.executeInternal_(file:///var/folders/7b/qhjgldld789gy7rs82wvbk8c0000gn/T/anonymous8008103212609101533webdriver-profile/extensions/fxdriver@googlecode.com/components/command-processor.js:12666)
	at &lt;anonymous class&gt;.DelayedCommand.prototype.execute/&lt;(file:///var/folders/7b/qhjgldld789gy7rs82wvbk8c0000gn/T/anonymous8008103212609101533webdriver-profile/extensions/fxdriver@googlecode.com/components/command-processor.js:12608)
</failure>
  </testcase>
  <testcase time="8.284" classname="com.automation.test.mySecondTest" name="switchWindowTest"/>
</testsuite>